  MiniginPCH.cpp
  FPSCounter.cpp
  GameObject.cpp
  InputManager.cpp
  Log.cpp
  Main.cpp
  Minigin.cpp
  Renderer.cpp
  ResourceManager.cpp
  Scene.cpp
  SceneManager.cpp
  HudText.cpp
  Texture.cpp
  Generating Code...
  Minigin.vcxproj -> C:\Users\doodl\Documents\gitRepos\x64\Debug\Minigin.lib
  C:\Users\doodl\Documents\gitRepos\3rdParty\SDL2\lib\x64\SDL2.dll
  1 File(s) copied
  C:\Users\doodl\Documents\gitRepos\3rdParty\SDL2_image\lib\x64\libjpeg-9.dll
  C:\Users\doodl\Documents\gitRepos\3rdParty\SDL2_image\lib\x64\libpng16-16.dll
  C:\Users\doodl\Documents\gitRepos\3rdParty\SDL2_image\lib\x64\libtiff-5.dll
  C:\Users\doodl\Documents\gitRepos\3rdParty\SDL2_image\lib\x64\libwebp-7.dll
  C:\Users\doodl\Documents\gitRepos\3rdParty\SDL2_image\lib\x64\SDL2_image.dll
  C:\Users\doodl\Documents\gitRepos\3rdParty\SDL2_image\lib\x64\zlib1.dll
  6 File(s) copied
  C:\Users\doodl\Documents\gitRepos\3rdParty\SDL2_ttf\lib\x64\libfreetype-6.dll
  C:\Users\doodl\Documents\gitRepos\3rdParty\SDL2_ttf\lib\x64\SDL2_ttf.dll
  2 File(s) copied
