c:\users\doodl\documents\gitrepos\minigin\x64\debug\minigin.pch
c:\users\doodl\documents\gitrepos\minigin\x64\debug\vc141.pdb
c:\users\doodl\documents\gitrepos\minigin\x64\debug\vc141.idb
c:\users\doodl\documents\gitrepos\minigin\x64\debug\miniginpch.obj
c:\users\doodl\documents\gitrepos\minigin\x64\debug\texture.obj
c:\users\doodl\documents\gitrepos\minigin\x64\debug\hudtext.obj
c:\users\doodl\documents\gitrepos\minigin\x64\debug\scene.obj
c:\users\doodl\documents\gitrepos\minigin\x64\debug\resourcemanager.obj
c:\users\doodl\documents\gitrepos\minigin\x64\debug\renderer.obj
c:\users\doodl\documents\gitrepos\minigin\x64\debug\minigin.obj
c:\users\doodl\documents\gitrepos\minigin\x64\debug\main.obj
c:\users\doodl\documents\gitrepos\minigin\x64\debug\log.obj
c:\users\doodl\documents\gitrepos\minigin\x64\debug\inputmanager.obj
c:\users\doodl\documents\gitrepos\minigin\x64\debug\gameobject.obj
c:\users\doodl\documents\gitrepos\minigin\x64\debug\fpscounter.obj
c:\users\doodl\documents\gitrepos\minigin\x64\debug\scenemanager.obj
c:\users\doodl\documents\gitrepos\x64\debug\minigin.exe
c:\users\doodl\documents\gitrepos\x64\debug\minigin.ilk
c:\users\doodl\documents\gitrepos\x64\debug\minigin.pdb
c:\users\doodl\documents\gitrepos\x64\debug\minigin.lib
c:\users\doodl\documents\gitrepos\x64\debug\minigin.exp
c:\users\doodl\documents\gitrepos\minigin\x64\debug\minigin.tlog\cl.command.1.tlog
c:\users\doodl\documents\gitrepos\minigin\x64\debug\minigin.tlog\cl.read.1.tlog
c:\users\doodl\documents\gitrepos\minigin\x64\debug\minigin.tlog\cl.write.1.tlog
c:\users\doodl\documents\gitrepos\minigin\x64\debug\minigin.tlog\link.command.1.tlog
c:\users\doodl\documents\gitrepos\minigin\x64\debug\minigin.tlog\link.read.1.tlog
c:\users\doodl\documents\gitrepos\minigin\x64\debug\minigin.tlog\link.write.1.tlog
c:\users\doodl\documents\gitrepos\minigin\x64\debug\minigin.tlog\minigin.write.1u.tlog
