c:\users\doodl\documents\gitrepos\patrickwinkelholz\prog4engine\golddigger\x64\debug\golddigger.pdb
c:\users\doodl\documents\gitrepos\patrickwinkelholz\prog4engine\golddigger\x64\debug\golddigger.idb
c:\users\doodl\documents\gitrepos\patrickwinkelholz\prog4engine\golddigger\x64\debug\texture.obj
c:\users\doodl\documents\gitrepos\patrickwinkelholz\prog4engine\golddigger\x64\debug\scenemanager.obj
c:\users\doodl\documents\gitrepos\patrickwinkelholz\prog4engine\golddigger\x64\debug\scene.obj
c:\users\doodl\documents\gitrepos\patrickwinkelholz\prog4engine\golddigger\x64\debug\resourcemanager.obj
c:\users\doodl\documents\gitrepos\patrickwinkelholz\prog4engine\golddigger\x64\debug\renderer.obj
c:\users\doodl\documents\gitrepos\patrickwinkelholz\prog4engine\golddigger\x64\debug\golddigger.obj
c:\users\doodl\documents\gitrepos\patrickwinkelholz\prog4engine\golddigger\x64\debug\locator.obj
c:\users\doodl\documents\gitrepos\patrickwinkelholz\prog4engine\golddigger\x64\debug\inputmanager.obj
c:\users\doodl\documents\gitrepos\patrickwinkelholz\prog4engine\golddigger\x64\debug\hudtext.obj
c:\users\doodl\documents\gitrepos\patrickwinkelholz\prog4engine\golddigger\x64\debug\gameobject.obj
c:\users\doodl\documents\gitrepos\patrickwinkelholz\prog4engine\golddigger\x64\debug\fpscounter.obj
c:\users\doodl\documents\gitrepos\patrickwinkelholz\prog4engine\golddigger\x64\debug\audio.obj
c:\users\doodl\documents\gitrepos\patrickwinkelholz\prog4engine\golddigger\x64\debug\gridsnap.obj
c:\users\doodl\documents\gitrepos\patrickwinkelholz\prog4engine\golddigger\x64\debug\golddigger.pch
c:\users\doodl\documents\gitrepos\patrickwinkelholz\prog4engine\golddigger\x64\debug\golddiggerpch.obj
c:\users\doodl\documents\gitrepos\patrickwinkelholz\prog4engine\golddigger\x64\debug\physics.obj
c:\users\doodl\documents\gitrepos\patrickwinkelholz\prog4engine\golddigger\x64\debug\menubutton.obj
c:\users\doodl\documents\gitrepos\patrickwinkelholz\prog4engine\golddigger\x64\debug\sprite.obj
c:\users\doodl\documents\gitrepos\patrickwinkelholz\prog4engine\golddigger\x64\debug\controllers.obj
c:\users\doodl\documents\gitrepos\patrickwinkelholz\prog4engine\golddigger\x64\debug\commands.obj
c:\users\doodl\documents\gitrepos\patrickwinkelholz\prog4engine\golddigger\x64\debug\controller.obj
c:\users\doodl\documents\gitrepos\patrickwinkelholz\prog4engine\golddigger\x64\debug\agents.obj
c:\users\doodl\documents\gitrepos\patrickwinkelholz\prog4engine\golddigger\x64\debug\entity.obj
c:\users\doodl\documents\gitrepos\patrickwinkelholz\prog4engine\golddigger\x64\debug\collider.obj
c:\users\doodl\documents\gitrepos\patrickwinkelholz\prog4engine\golddigger\x64\debug\subject.obj
c:\users\doodl\documents\gitrepos\patrickwinkelholz\prog4engine\x64\debug\golddigger.lib
c:\users\doodl\documents\gitrepos\patrickwinkelholz\prog4engine\x64\debug\golddigger.pdb
c:\users\doodl\documents\gitrepos\patrickwinkelholz\prog4engine\golddigger\x64\debug\golddigger.tlog\cl.command.1.tlog
c:\users\doodl\documents\gitrepos\patrickwinkelholz\prog4engine\golddigger\x64\debug\golddigger.tlog\cl.read.1.tlog
c:\users\doodl\documents\gitrepos\patrickwinkelholz\prog4engine\golddigger\x64\debug\golddigger.tlog\cl.write.1.tlog
c:\users\doodl\documents\gitrepos\patrickwinkelholz\prog4engine\golddigger\x64\debug\golddigger.tlog\lib-link.read.1.tlog
c:\users\doodl\documents\gitrepos\patrickwinkelholz\prog4engine\golddigger\x64\debug\golddigger.tlog\lib-link.write.1.tlog
c:\users\doodl\documents\gitrepos\patrickwinkelholz\prog4engine\golddigger\x64\debug\golddigger.tlog\lib.command.1.tlog
