  pch.cpp
  DigDug.cpp
GoldDigger.lib(GoldDigger.obj) : error LNK2019: unresolved external symbol SDL_GetError referenced in function "public: void __cdecl engine::GoldDigger::Initialize(void)" (?Initialize@GoldDigger@engine@@QEAAXXZ)
GoldDigger.lib(Renderer.obj) : error LNK2001: unresolved external symbol SDL_GetError
GoldDigger.lib(ResourceManager.obj) : error LNK2001: unresolved external symbol SDL_GetError
GoldDigger.lib(HudText.obj) : error LNK2001: unresolved external symbol SDL_GetError
GoldDigger.lib(GoldDigger.obj) : error LNK2019: unresolved external symbol SDL_CreateWindow referenced in function "public: void __cdecl engine::GoldDigger::Initialize(void)" (?Initialize@GoldDigger@engine@@QEAAXXZ)
GoldDigger.lib(GoldDigger.obj) : error LNK2019: unresolved external symbol SDL_DestroyWindow referenced in function "public: void __cdecl engine::GoldDigger::Cleanup(void)" (?Cleanup@GoldDigger@engine@@QEAAXXZ)
GoldDigger.lib(GoldDigger.obj) : error LNK2019: unresolved external symbol SDL_Init referenced in function "public: void __cdecl engine::GoldDigger::Initialize(void)" (?Initialize@GoldDigger@engine@@QEAAXXZ)
GoldDigger.lib(GoldDigger.obj) : error LNK2019: unresolved external symbol SDL_Quit referenced in function "public: void __cdecl engine::GoldDigger::Cleanup(void)" (?Cleanup@GoldDigger@engine@@QEAAXXZ)
GoldDigger.lib(InputManager.obj) : error LNK2019: unresolved external symbol XInputGetState referenced in function "public: bool __cdecl engine::InputManager::ProcessInput(void)" (?ProcessInput@InputManager@engine@@QEAA_NXZ)
GoldDigger.lib(InputManager.obj) : error LNK2019: unresolved external symbol SDL_PollEvent referenced in function "public: bool __cdecl engine::InputManager::ProcessInput(void)" (?ProcessInput@InputManager@engine@@QEAA_NXZ)
GoldDigger.lib(Renderer.obj) : error LNK2019: unresolved external symbol SDL_CreateRenderer referenced in function "public: void __cdecl engine::Renderer::Init(struct SDL_Window *)" (?Init@Renderer@engine@@QEAAXPEAUSDL_Window@@@Z)
GoldDigger.lib(Renderer.obj) : error LNK2019: unresolved external symbol SDL_QueryTexture referenced in function "public: void __cdecl engine::Renderer::RenderTexture(struct SDL_Texture *,float,float)const " (?RenderTexture@Renderer@engine@@QEBAXPEAUSDL_Texture@@MM@Z)
GoldDigger.lib(Renderer.obj) : error LNK2019: unresolved external symbol SDL_RenderClear referenced in function "public: void __cdecl engine::Renderer::Render(float)" (?Render@Renderer@engine@@QEAAXM@Z)
GoldDigger.lib(Renderer.obj) : error LNK2019: unresolved external symbol SDL_RenderCopy referenced in function "public: void __cdecl engine::Renderer::RenderTexture(struct SDL_Texture *,float,float)const " (?RenderTexture@Renderer@engine@@QEBAXPEAUSDL_Texture@@MM@Z)
GoldDigger.lib(Renderer.obj) : error LNK2019: unresolved external symbol SDL_RenderPresent referenced in function "public: void __cdecl engine::Renderer::Render(float)" (?Render@Renderer@engine@@QEAAXM@Z)
GoldDigger.lib(Renderer.obj) : error LNK2019: unresolved external symbol SDL_DestroyRenderer referenced in function "public: void __cdecl engine::Renderer::Destroy(void)" (?Destroy@Renderer@engine@@QEAAXXZ)
GoldDigger.lib(ResourceManager.obj) : error LNK2019: unresolved external symbol SDL_DestroyTexture referenced in function "public: void __cdecl engine::ResourceManager::ReleaseAll(void)" (?ReleaseAll@ResourceManager@engine@@QEAAXXZ)
GoldDigger.lib(ResourceManager.obj) : error LNK2019: unresolved external symbol TTF_Init referenced in function "public: void __cdecl engine::ResourceManager::Init(class std::basic_string<char,struct std::char_traits<char>,class std::allocator<char> > &&)" (?Init@ResourceManager@engine@@QEAAX$$QEAV?$basic_string@DU?$char_traits@D@std@@V?$allocator@D@2@@std@@@Z)
GoldDigger.lib(ResourceManager.obj) : error LNK2019: unresolved external symbol TTF_OpenFont referenced in function "public: void __cdecl engine::ResourceManager::LoadFont(class std::basic_string<char,struct std::char_traits<char>,class std::allocator<char> > const &,unsigned int)" (?LoadFont@ResourceManager@engine@@QEAAXAEBV?$basic_string@DU?$char_traits@D@std@@V?$allocator@D@2@@std@@I@Z)
GoldDigger.lib(ResourceManager.obj) : error LNK2019: unresolved external symbol TTF_CloseFont referenced in function "public: void __cdecl engine::ResourceManager::ReleaseAll(void)" (?ReleaseAll@ResourceManager@engine@@QEAAXXZ)
GoldDigger.lib(ResourceManager.obj) : error LNK2019: unresolved external symbol IMG_Init referenced in function "public: void __cdecl engine::ResourceManager::Init(class std::basic_string<char,struct std::char_traits<char>,class std::allocator<char> > &&)" (?Init@ResourceManager@engine@@QEAAX$$QEAV?$basic_string@DU?$char_traits@D@std@@V?$allocator@D@2@@std@@@Z)
GoldDigger.lib(ResourceManager.obj) : error LNK2019: unresolved external symbol IMG_LoadTexture referenced in function "public: void __cdecl engine::ResourceManager::LoadTexture(class std::basic_string<char,struct std::char_traits<char>,class std::allocator<char> > const &)" (?LoadTexture@ResourceManager@engine@@QEAAXAEBV?$basic_string@DU?$char_traits@D@std@@V?$allocator@D@2@@std@@@Z)
GoldDigger.lib(HudText.obj) : error LNK2019: unresolved external symbol SDL_FreeSurface referenced in function "public: virtual void __cdecl engine::HudText::Update(float)" (?Update@HudText@engine@@UEAAXM@Z)
GoldDigger.lib(HudText.obj) : error LNK2019: unresolved external symbol SDL_CreateTextureFromSurface referenced in function "public: virtual void __cdecl engine::HudText::Update(float)" (?Update@HudText@engine@@UEAAXM@Z)
GoldDigger.lib(HudText.obj) : error LNK2019: unresolved external symbol TTF_RenderText_Blended referenced in function "public: virtual void __cdecl engine::HudText::Update(float)" (?Update@HudText@engine@@UEAAXM@Z)
C:\Users\doodl\Documents\gitRepos\x64\Debug\DigDug.exe : fatal error LNK1120: 22 unresolved externals
